----------------------------------------------------------------
Time:			2024-08-24 14:25:32
Blender:		4.2.1 LTS
SEUT:			1.2.0
----------------------------------------------------------------
Game Dir:			C:\Program Files (x86)\Steam\steamapps\common\SpaceEngineers\
Assets:			1.5.0	 Path: C:\Blender Assets\
MWMB:			0.3.3	 Path: C:\Blender Assets\Tools\MWMBuilder\MwmBuilder.exe
Havok Path:			C:\Program Files\Havok\HavokContentTools\hctStandAloneFilterManager.exe
----------------------------------------------------------------
BLEND Path:		C:\Users\SEUT-USER\AppData\Roaming\SpaceEngineers\Mods\Animal Accessories\WoodenChest.blend
Icon Path:		C:\Users\SEUT-USER\AppData\Roaming\SpaceEngineers\Mods\3134534541 - WoodMod\Textures\GUI\Icons\Cubes
Mod Path:		//..\3134534541 - WoodMod\
Export Path:	//..\3134534541 - WoodMod\Models\Cubes\small
----------------------------------------------------------------

SEUT Error: No Export folder defined for scene 'Scene'. (E019)

============================================================ Exporting Scene 'Scene' with SEUT 1.2.0.
SEUT Error: Collection "Main (Scene)" not found, excluded from view layer or empty. Action not possible. (E002)
SEUT Error: Collection "Main (Scene)" not found, excluded from view layer or empty. Action not possible. (E002)
SEUT Error: Scene 'Scene' could not be exported. (E016)
SEUT Info: 0 of 1 scenes successfully exported. (I008)
SEUT Info: Successfully exported log to 'C:\Users\SEUT-USER\AppData\Roaming\SpaceEngineers\Mods\Animal Accessories\WoodenChest_2024-08-24_14-25-32.log'. (I001)


