Running from: C:\Users\Uzar\AppData\Roaming\SpaceEngineers\Mods\Animal Accessories\Models\Cubes\small 
Command: C:\Software\SEUT Assets\Tools\MWMBuilder\MwmBuilder.exe /f /s:C:\Users\Uzar\AppData\Roaming\SpaceEngineers\Mods\Animal Accessories\Models\Cubes\small /m:FeedTroughVar3*.fbx /o:C:\Users\Uzar\AppData\Roaming\SpaceEngineers\Mods\Animal Accessories\Models\Cubes\small /x:C:\Software\SEUT Assets\Materials 
C:\Software\SEUT Assets\Materials\Armors.xml: 
    Materialslib
C:\Software\SEUT Assets\Materials\Character.xml: 
    Materialslib
C:\Software\SEUT Assets\Materials\enenra.xml: 
    Materialslib
C:\Software\SEUT Assets\Materials\Foliage.xml: 
    Materialslib
C:\Software\SEUT Assets\Materials\Items.xml: 
    Materialslib
C:\Software\SEUT Assets\Materials\LODs.xml: 
    Materialslib
C:\Software\SEUT Assets\Materials\Materials.xml: 
    Materialslib
C:\Software\SEUT Assets\Materials\PlayerItems.xml: 
    Materialslib
C:\Software\SEUT Assets\Materials\Uzar Materials.xml: 
    Materialslib
C:\Software\SEUT Assets\Materials\Voxels.xml: 
    Materialslib
Material Libraries: 
    Material libraries were successfully loaded from path: C:\Software\SEUT Assets\Materials
: 
    **FileName: C:\Users\Uzar\AppData\Roaming\SpaceEngineers\Mods\Animal Accessories\Models\Cubes\small\FeedTroughVar3.fbx
: 
    **Filename (without extension): FeedTroughVar3
: 
    **Directory Name: C:\Users\Uzar\AppData\Roaming\SpaceEngineers\Mods\Animal Accessories\Models\Cubes\small
: 
    **Number of characters to cull: 69
: 
    **Culled Path: Models\Cubes\small
Meshes: 
    Found 2 meshe(s).
Animations: 
    Found 0 animation(s).
C:\Users\Uzar\AppData\Roaming\SpaceEngineers\Mods\Animal Accessories\Models\Cubes\small\FeedTroughVar3.fbx: WARNING: 
    Material: MetalMilitary is already defined in the processor. Not adding it again..
C:\Users\Uzar\AppData\Roaming\SpaceEngineers\Mods\Animal Accessories\Models\Cubes\small\FeedTroughVar3.fbx: WARNING: 
    Material: Metal_Dull is already defined in the processor. Not adding it again..
C:\Users\Uzar\AppData\Roaming\SpaceEngineers\Mods\Animal Accessories\Models\Cubes\small\FeedTroughVar3.fbx: 
    : Finished in 0.2s
: 
    **FileName: C:\Users\Uzar\AppData\Roaming\SpaceEngineers\Mods\Animal Accessories\Models\Cubes\small\FeedTroughVar3.hkt.fbx
: 
    **Filename (without extension): FeedTroughVar3.hkt
: 
    **Directory Name: C:\Users\Uzar\AppData\Roaming\SpaceEngineers\Mods\Animal Accessories\Models\Cubes\small
: 
    **Number of characters to cull: 69
: 
    **Culled Path: Models\Cubes\small
Meshes: 
    Found 1 meshe(s).
Animations: 
    Found 0 animation(s).
C:\Users\Uzar\AppData\Roaming\SpaceEngineers\Mods\Animal Accessories\Models\Cubes\small\FeedTroughVar3.hkt.fbx: 
    : Finished in 0.2s
